🩺 The doctor is checking the health of your Storybook..
╭ Incompatible packages found ───────────────────────────────────────────────────────────────────────────────────────────────────────╮
│                                                                                                                                    │
│   The following packages are incompatible with Storybook 8.0.0 as they depend on different major versions of Storybook packages:   │
│   - @storybook/addons@7.6.17                                                                                                       │
│    Repo: https://github.com/storybookjs/storybook/tree/next/code/deprecated/addons                                                 │
│   - @storybook/addon-essentials@7.0.7 (8.0.0 available!)                                                                           │
│    Repo: https://github.com/storybookjs/storybook/tree/next/code/addons/essentials                                                 │
│   - @storybook/addon-interactions@7.0.7 (8.0.0 available!)                                                                         │
│    Repo: https://github.com/storybookjs/storybook/tree/next/code/addons/interactions                                               │
│   - @storybook/addon-mdx-gfm@7.0.7 (8.0.0 available!)                                                                              │
│    Repo: https://github.com/storybookjs/storybook/tree/next/code/addons/gfm                                                        │
│   - @storybook/cli@7.6.17 (8.0.0 available!)                                                                                       │
│    Repo: https://github.com/storybookjs/storybook/tree/next/code/lib/cli                                                           │
│   - @storybook/nextjs@7.0.7 (8.0.0 available!)                                                                                     │
│    Repo: https://github.com/storybookjs/storybook/tree/next/code/frameworks/nextjs                                                 │
│   - @storybook/testing-library@0.1.0                                                                                               │
│                                                                                                                                    │
│                                                                                                                                    │
│   Please consider updating your packages or contacting the maintainers for compatibility details.                                  │
│   For more on Storybook 8 compatibility, see the linked GitHub issue:                                                              │
│   https://github.com/storybookjs/storybook/issues/26031                                                                            │
│                                                                                                                                    │
╰────────────────────────────────────────────────────────────────────────────────────────────────────────────────────────────────────╯

You can always recheck the health of your project by running:
npx storybook@latest doctor

Full logs are available in C:\yashiro\01.tech\10\app\front\doctor-storybook.log

